Using pre-set license
Built from '2021.3/staging' branch; Version is '2021.3.21f1 (1b156197d683) revision 1774945'; Using compiler version '192829333'; Build Type 'Release'
OS: 'Windows 11  (10.0.22000) 64bit Professional' Language: 'es' Physical Memory: 8040 MB
BatchMode: 1, IsHumanControllingUs: 0, StartBugReporterOnCrash: 0, Is64bit: 1, IsPro: 1

COMMAND LINE ARGUMENTS:
C:\Program Files\Unity\Hub\Editor\2021.3.21f1\Editor\Unity.exe
-adb2
-batchMode
-noUpm
-name
AssetImportWorker1
-projectPath
E:/Practica
-logFile
Logs/AssetImportWorker1.log
-srvPort
52611
Successfully changed project path to: E:/Practica
E:/Practica
[UnityMemory] Configuration Parameters - Can be set up in boot.config
    "memorysetup-bucket-allocator-granularity=16"
    "memorysetup-bucket-allocator-bucket-count=8"
    "memorysetup-bucket-allocator-block-size=33554432"
    "memorysetup-bucket-allocator-block-count=8"
    "memorysetup-main-allocator-block-size=16777216"
    "memorysetup-thread-allocator-block-size=16777216"
    "memorysetup-gfx-main-allocator-block-size=16777216"
    "memorysetup-gfx-thread-allocator-block-size=16777216"
    "memorysetup-cache-allocator-block-size=4194304"
    "memorysetup-typetree-allocator-block-size=2097152"
    "memorysetup-profiler-bucket-allocator-granularity=16"
    "memorysetup-profiler-bucket-allocator-bucket-count=8"
    "memorysetup-profiler-bucket-allocator-block-size=33554432"
    "memorysetup-profiler-bucket-allocator-block-count=8"
    "memorysetup-profiler-allocator-block-size=16777216"
    "memorysetup-profiler-editor-allocator-block-size=1048576"
    "memorysetup-temp-allocator-size-main=16777216"
    "memorysetup-job-temp-allocator-block-size=2097152"
    "memorysetup-job-temp-allocator-block-size-background=1048576"
    "memorysetup-job-temp-allocator-reduction-small-platforms=262144"
    "memorysetup-temp-allocator-size-background-worker=32768"
    "memorysetup-temp-allocator-size-job-worker=262144"
    "memorysetup-temp-allocator-size-preload-manager=33554432"
    "memorysetup-temp-allocator-size-nav-mesh-worker=65536"
    "memorysetup-temp-allocator-size-audio-worker=65536"
    "memorysetup-temp-allocator-size-cloud-worker=32768"
    "memorysetup-temp-allocator-size-gi-baking-worker=262144"
    "memorysetup-temp-allocator-size-gfx=262144"
Player connection [4580] Host "[IP] 192.168.56.1 [Port] 0 [Flags] 2 [Guid] 933393663 [EditorId] 933393663 [Version] 1048832 [Id] WindowsEditor(7,equipo_19) [Debug] 1 [PackageName] WindowsEditor [ProjectName] Editor" joined multi-casting on [225.0.0.222:54997]...

Player connection [4580] Host "[IP] 192.168.56.1 [Port] 0 [Flags] 2 [Guid] 933393663 [EditorId] 933393663 [Version] 1048832 [Id] WindowsEditor(7,equipo_19) [Debug] 1 [PackageName] WindowsEditor [ProjectName] Editor" joined alternative multi-casting on [225.0.0.222:34997]...

Refreshing native plugins compatible for Editor in 85.90 ms, found 3 plugins.
Preloading 0 native plugins for Editor in 0.00 ms.
Initialize engine version: 2021.3.21f1 (1b156197d683)
[Subsystems] Discovering subsystems at path C:/Program Files/Unity/Hub/Editor/2021.3.21f1/Editor/Data/Resources/UnitySubsystems
[Subsystems] Discovering subsystems at path E:/Practica/Assets
GfxDevice: creating device client; threaded=0; jobified=0
Direct3D:
    Version:  Direct3D 11.0 [level 11.1]
    Renderer: NVIDIA GeForce GT 1030 (ID=0x1d01)
    Vendor:   NVIDIA
    VRAM:     4025 MB
    Driver:   30.0.15.1259
Initialize mono
Mono path[0] = 'C:/Program Files/Unity/Hub/Editor/2021.3.21f1/Editor/Data/Managed'
Mono path[1] = 'C:/Program Files/Unity/Hub/Editor/2021.3.21f1/Editor/Data/MonoBleedingEdge/lib/mono/unityjit-win32'
Mono config path = 'C:/Program Files/Unity/Hub/Editor/2021.3.21f1/Editor/Data/MonoBleedingEdge/etc'
Using monoOptions --debugger-agent=transport=dt_socket,embedding=1,server=y,suspend=n,address=127.0.0.1:56628
Begin MonoManager ReloadAssembly
Registering precompiled unity dll's ...
Register platform support module: C:/Program Files/Unity/Hub/Editor/2021.3.21f1/Editor/Data/PlaybackEngines/WindowsStandaloneSupport/UnityEditor.WindowsStandalone.Extensions.dll
Registered in 0.004039 seconds.
Native extension for WindowsStandalone target not found
Refreshing native plugins compatible for Editor in 82.17 ms, found 3 plugins.
Preloading 0 native plugins for Editor in 0.00 ms.
Mono: successfully reloaded assembly
- Completed reload, in  0.619 seconds
Domain Reload Profiling:
	ReloadAssembly (619ms)
		BeginReloadAssembly (78ms)
			ExecutionOrderSort (0ms)
			DisableScriptedObjects (0ms)
			BackupInstance (0ms)
			ReleaseScriptingObjects (0ms)
			CreateAndSetChildDomain (1ms)
		EndReloadAssembly (449ms)
			LoadAssemblies (76ms)
			RebuildTransferFunctionScriptingTraits (0ms)
			SetupTypeCache (129ms)
			ReleaseScriptCaches (0ms)
			RebuildScriptCaches (26ms)
			SetupLoadedEditorAssemblies (247ms)
				LogAssemblyErrors (0ms)
				InitializePlatformSupportModulesInManaged (6ms)
				SetLoadedEditorAssemblies (0ms)
				RefreshPlugins (82ms)
				BeforeProcessingInitializeOnLoad (1ms)
				ProcessInitializeOnLoadAttributes (114ms)
				ProcessInitializeOnLoadMethodAttributes (43ms)
				AfterProcessingInitializeOnLoad (0ms)
				EditorAssembliesLoaded (0ms)
			ExecutionOrderSort2 (0ms)
			AwakeInstancesAfterBackupRestoration (0ms)
Platform modules already initialized, skipping
Registering precompiled user dll's ...
Registered in 0.027567 seconds.
Begin MonoManager ReloadAssembly
Symbol file LoadedFromMemory doesn't match image E:\Practica\Library\PackageCache\com.unity.visualscripting@1.8.0\Editor\VisualScripting.Core\Dependencies\YamlDotNet\Unity.VisualScripting.YamlDotNet.dll
Symbol file LoadedFromMemory doesn't match image E:\Practica\Library\PackageCache\com.unity.visualscripting@1.8.0\Editor\VisualScripting.Core\Dependencies\DotNetZip\Unity.VisualScripting.IonicZip.dll
Native extension for WindowsStandalone target not found
Refreshing native plugins compatible for Editor in 0.57 ms, found 3 plugins.
Preloading 0 native plugins for Editor in 0.00 ms.
Mono: successfully reloaded assembly
- Completed reload, in  1.166 seconds
Domain Reload Profiling:
	ReloadAssembly (1167ms)
		BeginReloadAssembly (142ms)
			ExecutionOrderSort (0ms)
			DisableScriptedObjects (7ms)
			BackupInstance (0ms)
			ReleaseScriptingObjects (0ms)
			CreateAndSetChildDomain (19ms)
		EndReloadAssembly (886ms)
			LoadAssemblies (163ms)
			RebuildTransferFunctionScriptingTraits (0ms)
			SetupTypeCache (291ms)
			ReleaseScriptCaches (1ms)
			RebuildScriptCaches (50ms)
			SetupLoadedEditorAssemblies (331ms)
				LogAssemblyErrors (0ms)
				InitializePlatformSupportModulesInManaged (4ms)
				SetLoadedEditorAssemblies (0ms)
				RefreshPlugins (1ms)
				BeforeProcessingInitializeOnLoad (92ms)
				ProcessInitializeOnLoadAttributes (208ms)
				ProcessInitializeOnLoadMethodAttributes (20ms)
				AfterProcessingInitializeOnLoad (6ms)
				EditorAssembliesLoaded (0ms)
			ExecutionOrderSort2 (0ms)
			AwakeInstancesAfterBackupRestoration (6ms)
Platform modules already initialized, skipping
========================================================================
Worker process is ready to serve import requests
Launched and connected shader compiler UnityShaderCompiler.exe after 0.03 seconds
Refreshing native plugins compatible for Editor in 0.60 ms, found 3 plugins.
Preloading 0 native plugins for Editor in 0.00 ms.
Unloading 3427 Unused Serialized files (Serialized files now loaded: 0)
Unloading 25 unused Assets / (158.9 KB). Loaded Objects now: 3888.
Memory consumption went from 123.8 MB to 123.6 MB.
Total: 2.850000 ms (FindLiveObjects: 0.270600 ms CreateObjectMapping: 0.227000 ms MarkObjects: 2.226700 ms  DeleteObjects: 0.124900 ms)

AssetImportParameters requested are different than current active one (requested -> active):
  custom:video-decoder-ogg-theora: a1e56fd34408186e4bbccfd4996cb3dc -> 
  custom:container-muxer-webm: aa71ff27fc2769a1b78a27578f13a17b -> 
  custom:container-demuxer-webm: 4f35f7cbe854078d1ac9338744f61a02 -> 
  custom:video-encoder-webm-vp8: eb34c28f22e8b96e1ab97ce403110664 -> 
  custom:audio-encoder-webm-vorbis: bf7c407c2cedff20999df2af8eb42d56 -> 
  custom:framework-win-MediaFoundation: 216162199b28c13a410421893ffa2e32 -> 
  custom:container-demuxer-ogg: 62fdf1f143b41e24485cea50d1cbac27 -> 
  custom:video-decoder-webm-vp8: 9c59270c3fd7afecdb556c50c9e8de78 -> 
  custom:audio-decoder-ogg-vorbis: bf7c407c2cedff20999df2af8eb42d56 -> 
========================================================================
Received Import Request.
  Time since last request: 7191.900360 seconds.
  path: Assets/Texturas/parasiteZombie_body_diffuse.png
  artifactKey: Guid(93dfd59cd7aaa654b8889b4aee67ea42) Importer(815301076,1909f56bfc062723c751e8b465ee728b)
Start importing Assets/Texturas/parasiteZombie_body_diffuse.png using Guid(93dfd59cd7aaa654b8889b4aee67ea42) Importer(815301076,1909f56bfc062723c751e8b465ee728b)  -> (artifact id: '8b89d7541ee44ea8f8aff2da8c1b16c2') in 0.240820 seconds 
========================================================================
Received Import Request.
  Time since last request: 0.000021 seconds.
  path: Assets/Texturas/Remy_Shoes_Diffuse.png
  artifactKey: Guid(5fc2e42798131bd47a49c4d0121b205c) Importer(815301076,1909f56bfc062723c751e8b465ee728b)
Start importing Assets/Texturas/Remy_Shoes_Diffuse.png using Guid(5fc2e42798131bd47a49c4d0121b205c) Importer(815301076,1909f56bfc062723c751e8b465ee728b)  -> (artifact id: '15f6781bb86a8fbfda6cd06e79e383b6') in 0.090955 seconds 
========================================================================
Received Import Request.
  Time since last request: 0.000024 seconds.
  path: Assets/Texturas/Remy_Hair_Gloss.png
  artifactKey: Guid(0f793f61b0a97ba4698061cb247a2877) Importer(815301076,1909f56bfc062723c751e8b465ee728b)
Start importing Assets/Texturas/Remy_Hair_Gloss.png using Guid(0f793f61b0a97ba4698061cb247a2877) Importer(815301076,1909f56bfc062723c751e8b465ee728b)  -> (artifact id: '9b1328228502e77022ed8737b04d72c0') in 0.188145 seconds 
========================================================================
Received Import Request.
  Time since last request: 0.000021 seconds.
  path: Assets/Texturas/Remy_Top_Diffuse.png
  artifactKey: Guid(5cb5a5fd6d8847c4c94f3adfc4321e5a) Importer(815301076,1909f56bfc062723c751e8b465ee728b)
Start importing Assets/Texturas/Remy_Top_Diffuse.png using Guid(5cb5a5fd6d8847c4c94f3adfc4321e5a) Importer(815301076,1909f56bfc062723c751e8b465ee728b)  -> (artifact id: '8620b12817a0fbcecea56812ed4818b6') in 0.125428 seconds 
========================================================================
Received Import Request.
  Time since last request: 0.218056 seconds.
  path: Assets/Texturas/parasiteZombie_normal.png
  artifactKey: Guid(126f3a7e5dc28424e9b7fa599cda7ffc) Importer(815301076,1909f56bfc062723c751e8b465ee728b)
Start importing Assets/Texturas/parasiteZombie_normal.png using Guid(126f3a7e5dc28424e9b7fa599cda7ffc) Importer(815301076,1909f56bfc062723c751e8b465ee728b)  -> (artifact id: 'b6ffe109134bcb36d8ae5eb06a10b32c') in 0.425629 seconds 
========================================================================
Received Import Request.
  Time since last request: 0.000017 seconds.
  path: Assets/Texturas/Remy_Hair_Normal.png
  artifactKey: Guid(9509d7c2575f8f14e820fa24973d2516) Importer(815301076,1909f56bfc062723c751e8b465ee728b)
Start importing Assets/Texturas/Remy_Hair_Normal.png using Guid(9509d7c2575f8f14e820fa24973d2516) Importer(815301076,1909f56bfc062723c751e8b465ee728b)  -> (artifact id: 'fbe81b7846dbe4b41ac1791218b1530d') in 0.108341 seconds 
========================================================================
Received Import Request.
  Time since last request: 0.000035 seconds.
  path: Assets/Texturas/Remy_Shoes_Specular.png
  artifactKey: Guid(566e630e1d4abeb40851a26094d3a252) Importer(815301076,1909f56bfc062723c751e8b465ee728b)
Start importing Assets/Texturas/Remy_Shoes_Specular.png using Guid(566e630e1d4abeb40851a26094d3a252) Importer(815301076,1909f56bfc062723c751e8b465ee728b)  -> (artifact id: '0713e0c8593eb97adf1fab2a10c58672') in 0.091358 seconds 
========================================================================
Received Import Request.
  Time since last request: 0.000029 seconds.
  path: Assets/Texturas/Remy_Body_Specular.png
  artifactKey: Guid(8f3f36c68411bbc47932de95b53d1df4) Importer(815301076,1909f56bfc062723c751e8b465ee728b)
Start importing Assets/Texturas/Remy_Body_Specular.png using Guid(8f3f36c68411bbc47932de95b53d1df4) Importer(815301076,1909f56bfc062723c751e8b465ee728b)  -> (artifact id: '7bb1022e04de53b7c76bb38b532226ee') in 0.214946 seconds 
========================================================================
Received Import Request.
  Time since last request: 0.000017 seconds.
  path: Assets/Texturas/parasiteZombie_specular.png
  artifactKey: Guid(0df392535a6a51e48b50ba1ea1293ebb) Importer(815301076,1909f56bfc062723c751e8b465ee728b)
Start importing Assets/Texturas/parasiteZombie_specular.png using Guid(0df392535a6a51e48b50ba1ea1293ebb) Importer(815301076,1909f56bfc062723c751e8b465ee728b)  -> (artifact id: 'e381462d3e8fb8d1e5c3cb8f3d2001f4') in 0.252348 seconds 
========================================================================
Received Import Request.
  Time since last request: 0.000027 seconds.
  path: Assets/Texturas/Remy_Body_Opacity.png
  artifactKey: Guid(19cc53ffbc6ce0a4e976b5315b7a10bf) Importer(815301076,1909f56bfc062723c751e8b465ee728b)
Start importing Assets/Texturas/Remy_Body_Opacity.png using Guid(19cc53ffbc6ce0a4e976b5315b7a10bf) Importer(815301076,1909f56bfc062723c751e8b465ee728b)  -> (artifact id: 'b881c46f50953a11c61b06d1ae4df0be') in 0.209230 seconds 
========================================================================
Received Import Request.
  Time since last request: 0.000019 seconds.
  path: Assets/Texturas/Remy_Body_Normal.png
  artifactKey: Guid(8456021699621b546b9aac2959074cc2) Importer(815301076,1909f56bfc062723c751e8b465ee728b)
Start importing Assets/Texturas/Remy_Body_Normal.png using Guid(8456021699621b546b9aac2959074cc2) Importer(815301076,1909f56bfc062723c751e8b465ee728b)  -> (artifact id: '55723f02508c9413b2f05def0c565141') in 0.248328 seconds 
========================================================================
Received Import Request.
  Time since last request: 5.272063 seconds.
  path: Assets/Texturas/Remy_Top_Normal.png
  artifactKey: Guid(1f8a48fb55b9a224cb37c81795896c95) Importer(815301076,1909f56bfc062723c751e8b465ee728b)
Start importing Assets/Texturas/Remy_Top_Normal.png using Guid(1f8a48fb55b9a224cb37c81795896c95) Importer(815301076,1909f56bfc062723c751e8b465ee728b)  -> (artifact id: '76ea76a3dd3634510c3f732947de9dc6') in 0.166953 seconds 
========================================================================
Received Import Request.
  Time since last request: 0.000062 seconds.
  path: Assets/Texturas/Remy_Top_Specular.png
  artifactKey: Guid(93e07f67dc53d804ca9b47637a1d3bd5) Importer(815301076,1909f56bfc062723c751e8b465ee728b)
Start importing Assets/Texturas/Remy_Top_Specular.png using Guid(93e07f67dc53d804ca9b47637a1d3bd5) Importer(815301076,1909f56bfc062723c751e8b465ee728b)  -> (artifact id: 'ae97e2c0744af1d9be2bb3931f1782e2') in 0.057458 seconds 
========================================================================
Received Import Request.
  Time since last request: 61.700486 seconds.
  path: Assets/Texturas/Materials/BricksSmallOld0156_2_350.mat
  artifactKey: Guid(a8bdf23defffee644a7847391825057c) Importer(815301076,1909f56bfc062723c751e8b465ee728b)
Start importing Assets/Texturas/Materials/BricksSmallOld0156_2_350.mat using Guid(a8bdf23defffee644a7847391825057c) Importer(815301076,1909f56bfc062723c751e8b465ee728b)  -> (artifact id: '539384e3349934ddffed79356bbe1fc1') in 0.159710 seconds 
========================================================================
Received Prepare
Registering precompiled user dll's ...
Registered in 0.051870 seconds.
Begin MonoManager ReloadAssembly
Symbol file LoadedFromMemory doesn't match image E:\Practica\Library\PackageCache\com.unity.visualscripting@1.8.0\Editor\VisualScripting.Core\Dependencies\YamlDotNet\Unity.VisualScripting.YamlDotNet.dll
Symbol file LoadedFromMemory doesn't match image E:\Practica\Library\PackageCache\com.unity.visualscripting@1.8.0\Editor\VisualScripting.Core\Dependencies\DotNetZip\Unity.VisualScripting.IonicZip.dll
Native extension for WindowsStandalone target not found
Refreshing native plugins compatible for Editor in 1.02 ms, found 3 plugins.
Preloading 0 native plugins for Editor in 0.00 ms.
Mono: successfully reloaded assembly
- Completed reload, in  1.176 seconds
Domain Reload Profiling:
	ReloadAssembly (1176ms)
		BeginReloadAssembly (152ms)
			ExecutionOrderSort (0ms)
			DisableScriptedObjects (4ms)
			BackupInstance (0ms)
			ReleaseScriptingObjects (0ms)
			CreateAndSetChildDomain (34ms)
		EndReloadAssembly (910ms)
			LoadAssemblies (177ms)
			RebuildTransferFunctionScriptingTraits (0ms)
			SetupTypeCache (286ms)
			ReleaseScriptCaches (1ms)
			RebuildScriptCaches (46ms)
			SetupLoadedEditorAssemblies (315ms)
				LogAssemblyErrors (0ms)
				InitializePlatformSupportModulesInManaged (5ms)
				SetLoadedEditorAssemblies (1ms)
				RefreshPlugins (1ms)
				BeforeProcessingInitializeOnLoad (73ms)
				ProcessInitializeOnLoadAttributes (209ms)
				ProcessInitializeOnLoadMethodAttributes (20ms)
				AfterProcessingInitializeOnLoad (6ms)
				EditorAssembliesLoaded (0ms)
			ExecutionOrderSort2 (0ms)
			AwakeInstancesAfterBackupRestoration (7ms)
Platform modules already initialized, skipping
Refreshing native plugins compatible for Editor in 7.35 ms, found 3 plugins.
Preloading 0 native plugins for Editor in 0.00 ms.
Unloading 3403 Unused Serialized files (Serialized files now loaded: 0)
Unloading 18 unused Assets / (125.9 KB). Loaded Objects now: 3936.
Memory consumption went from 126.4 MB to 126.3 MB.
Total: 3.212900 ms (FindLiveObjects: 0.283500 ms CreateObjectMapping: 0.231600 ms MarkObjects: 2.563000 ms  DeleteObjects: 0.133900 ms)

AssetImportParameters requested are different than current active one (requested -> active):
  custom:video-decoder-ogg-theora: a1e56fd34408186e4bbccfd4996cb3dc -> 
  custom:container-muxer-webm: aa71ff27fc2769a1b78a27578f13a17b -> 
  custom:container-demuxer-webm: 4f35f7cbe854078d1ac9338744f61a02 -> 
  custom:video-encoder-webm-vp8: eb34c28f22e8b96e1ab97ce403110664 -> 
  custom:audio-encoder-webm-vorbis: bf7c407c2cedff20999df2af8eb42d56 -> 
  custom:framework-win-MediaFoundation: 216162199b28c13a410421893ffa2e32 -> 
  custom:container-demuxer-ogg: 62fdf1f143b41e24485cea50d1cbac27 -> 
  custom:video-decoder-webm-vp8: 9c59270c3fd7afecdb556c50c9e8de78 -> 
  custom:audio-decoder-ogg-vorbis: bf7c407c2cedff20999df2af8eb42d56 -> 
========================================================================
Received Prepare
Registering precompiled user dll's ...
Registered in 0.417139 seconds.
Begin MonoManager ReloadAssembly
Symbol file LoadedFromMemory doesn't match image E:\Practica\Library\PackageCache\com.unity.visualscripting@1.8.0\Editor\VisualScripting.Core\Dependencies\YamlDotNet\Unity.VisualScripting.YamlDotNet.dll
Symbol file LoadedFromMemory doesn't match image E:\Practica\Library\PackageCache\com.unity.visualscripting@1.8.0\Editor\VisualScripting.Core\Dependencies\DotNetZip\Unity.VisualScripting.IonicZip.dll
Native extension for WindowsStandalone target not found
Refreshing native plugins compatible for Editor in 87.37 ms, found 3 plugins.
Preloading 0 native plugins for Editor in 0.00 ms.
Mono: successfully reloaded assembly
- Completed reload, in  1.436 seconds
Domain Reload Profiling:
	ReloadAssembly (1437ms)
		BeginReloadAssembly (173ms)
			ExecutionOrderSort (0ms)
			DisableScriptedObjects (5ms)
			BackupInstance (0ms)
			ReleaseScriptingObjects (0ms)
			CreateAndSetChildDomain (35ms)
		EndReloadAssembly (1133ms)
			LoadAssemblies (227ms)
			RebuildTransferFunctionScriptingTraits (0ms)
			SetupTypeCache (248ms)
			ReleaseScriptCaches (1ms)
			RebuildScriptCaches (40ms)
			SetupLoadedEditorAssemblies (452ms)
				LogAssemblyErrors (0ms)
				InitializePlatformSupportModulesInManaged (4ms)
				SetLoadedEditorAssemblies (0ms)
				RefreshPlugins (87ms)
				BeforeProcessingInitializeOnLoad (64ms)
				ProcessInitializeOnLoadAttributes (276ms)
				ProcessInitializeOnLoadMethodAttributes (15ms)
				AfterProcessingInitializeOnLoad (5ms)
				EditorAssembliesLoaded (0ms)
			ExecutionOrderSort2 (0ms)
			AwakeInstancesAfterBackupRestoration (6ms)
Platform modules already initialized, skipping
Refreshing native plugins compatible for Editor in 7.00 ms, found 3 plugins.
Preloading 0 native plugins for Editor in 0.00 ms.
Unloading 3591 Unused Serialized files (Serialized files now loaded: 0)
Unloading 66 unused Assets / (3.9 MB). Loaded Objects now: 4089.
Memory consumption went from 139.5 MB to 135.5 MB.
Total: 4.249400 ms (FindLiveObjects: 0.330900 ms CreateObjectMapping: 0.180900 ms MarkObjects: 2.386400 ms  DeleteObjects: 1.350300 ms)

AssetImportParameters requested are different than current active one (requested -> active):
  custom:video-decoder-ogg-theora: a1e56fd34408186e4bbccfd4996cb3dc -> 
  custom:container-muxer-webm: aa71ff27fc2769a1b78a27578f13a17b -> 
  custom:container-demuxer-webm: 4f35f7cbe854078d1ac9338744f61a02 -> 
  custom:video-encoder-webm-vp8: eb34c28f22e8b96e1ab97ce403110664 -> 
  custom:audio-encoder-webm-vorbis: bf7c407c2cedff20999df2af8eb42d56 -> 
  custom:framework-win-MediaFoundation: 216162199b28c13a410421893ffa2e32 -> 
  custom:container-demuxer-ogg: 62fdf1f143b41e24485cea50d1cbac27 -> 
  custom:video-decoder-webm-vp8: 9c59270c3fd7afecdb556c50c9e8de78 -> 
  custom:audio-decoder-ogg-vorbis: bf7c407c2cedff20999df2af8eb42d56 -> 
========================================================================
Received Import Request.
  Time since last request: 508.516996 seconds.
  path: Assets/laxer tree pkg/Models/baum hd med fbx.fbx
  artifactKey: Guid(8606c21208a6abf4aa86e39e9938598b) Importer(815301076,1909f56bfc062723c751e8b465ee728b)
Start importing Assets/laxer tree pkg/Models/baum hd med fbx.fbx using Guid(8606c21208a6abf4aa86e39e9938598b) Importer(815301076,1909f56bfc062723c751e8b465ee728b)  -> (artifact id: '02f86c82a99a56d05c7fb88ce4dc8872') in 0.782209 seconds 
========================================================================
Received Import Request.
  Time since last request: 0.000021 seconds.
  path: Assets/laxer tree pkg/Models/baum ld0(enhanced).asset
  artifactKey: Guid(a59384daf2a0cf3468a8629697d40866) Importer(815301076,1909f56bfc062723c751e8b465ee728b)
Start importing Assets/laxer tree pkg/Models/baum ld0(enhanced).asset using Guid(a59384daf2a0cf3468a8629697d40866) Importer(815301076,1909f56bfc062723c751e8b465ee728b)  -> (artifact id: 'c3b4e6288228dfde0e44c8cceebdd4d6') in 0.087207 seconds 
========================================================================
Received Import Request.
  Time since last request: 0.000024 seconds.
  path: Assets/laxer tree pkg/Models/baum ld1(enhanced).asset
  artifactKey: Guid(719abc69a3025404a8ad750c92b489ec) Importer(815301076,1909f56bfc062723c751e8b465ee728b)
Start importing Assets/laxer tree pkg/Models/baum ld1(enhanced).asset using Guid(719abc69a3025404a8ad750c92b489ec) Importer(815301076,1909f56bfc062723c751e8b465ee728b)  -> (artifact id: 'a9529f40044517c0573bc632043a99ed') in 0.090565 seconds 
========================================================================
Received Import Request.
  Time since last request: 155.896552 seconds.
  path: Assets/laxer tree pkg/Mobile/baum ld0 mobile.prefab
  artifactKey: Guid(d7ebb2b5789a2be45b7bd26b3b9d50aa) Importer(815301076,1909f56bfc062723c751e8b465ee728b)
Start importing Assets/laxer tree pkg/Mobile/baum ld0 mobile.prefab using Guid(d7ebb2b5789a2be45b7bd26b3b9d50aa) Importer(815301076,1909f56bfc062723c751e8b465ee728b)  -> (artifact id: '5c57e09f2ca90550b925881c676db16a') in 0.539818 seconds 
========================================================================
Received Import Request.
  Time since last request: 0.000024 seconds.
  path: Assets/laxer tree pkg/Mobile/baum ld1 mobile.prefab
  artifactKey: Guid(23062208c1e1ace4d9e5270be8b68dcb) Importer(815301076,1909f56bfc062723c751e8b465ee728b)
Start importing Assets/laxer tree pkg/Mobile/baum ld1 mobile.prefab using Guid(23062208c1e1ace4d9e5270be8b68dcb) Importer(815301076,1909f56bfc062723c751e8b465ee728b)  -> (artifact id: 'c0558d594dd7253e6a69e48c767c9fc3') in 0.067210 seconds 
========================================================================
Received Import Request.
  Time since last request: 0.000026 seconds.
  path: Assets/laxer tree pkg/Ambient-Occlusion/baum ld1.prefab
  artifactKey: Guid(6b4b29e49f76c9f46b7f3594d299d8d9) Importer(815301076,1909f56bfc062723c751e8b465ee728b)
Start importing Assets/laxer tree pkg/Ambient-Occlusion/baum ld1.prefab using Guid(6b4b29e49f76c9f46b7f3594d299d8d9) Importer(815301076,1909f56bfc062723c751e8b465ee728b)  -> (artifact id: 'fcae879f41e2ac1dddc44fc8c8d4ff17') in 0.083091 seconds 
========================================================================
Received Prepare
Registering precompiled user dll's ...
Registered in 0.052703 seconds.
Begin MonoManager ReloadAssembly
Symbol file LoadedFromMemory doesn't match image E:\Practica\Library\PackageCache\com.unity.visualscripting@1.8.0\Editor\VisualScripting.Core\Dependencies\YamlDotNet\Unity.VisualScripting.YamlDotNet.dll
Symbol file LoadedFromMemory doesn't match image E:\Practica\Library\PackageCache\com.unity.visualscripting@1.8.0\Editor\VisualScripting.Core\Dependencies\DotNetZip\Unity.VisualScripting.IonicZip.dll
Native extension for WindowsStandalone target not found
Refreshing native plugins compatible for Editor in 0.68 ms, found 3 plugins.
Preloading 0 native plugins for Editor in 0.00 ms.
Mono: successfully reloaded assembly
- Completed reload, in  1.215 seconds
Domain Reload Profiling:
	ReloadAssembly (1215ms)
		BeginReloadAssembly (172ms)
			ExecutionOrderSort (0ms)
			DisableScriptedObjects (5ms)
			BackupInstance (0ms)
			ReleaseScriptingObjects (0ms)
			CreateAndSetChildDomain (44ms)
		EndReloadAssembly (920ms)
			LoadAssemblies (145ms)
			RebuildTransferFunctionScriptingTraits (0ms)
			SetupTypeCache (277ms)
			ReleaseScriptCaches (2ms)
			RebuildScriptCaches (51ms)
			SetupLoadedEditorAssemblies (372ms)
				LogAssemblyErrors (0ms)
				InitializePlatformSupportModulesInManaged (5ms)
				SetLoadedEditorAssemblies (1ms)
				RefreshPlugins (1ms)
				BeforeProcessingInitializeOnLoad (70ms)
				ProcessInitializeOnLoadAttributes (271ms)
				ProcessInitializeOnLoadMethodAttributes (18ms)
				AfterProcessingInitializeOnLoad (6ms)
				EditorAssembliesLoaded (0ms)
			ExecutionOrderSort2 (0ms)
			AwakeInstancesAfterBackupRestoration (7ms)
Platform modules already initialized, skipping
Refreshing native plugins compatible for Editor in 4.44 ms, found 3 plugins.
Preloading 0 native plugins for Editor in 0.00 ms.
Unloading 3591 Unused Serialized files (Serialized files now loaded: 0)
Unloading 66 unused Assets / (3.9 MB). Loaded Objects now: 4102.
Memory consumption went from 140.3 MB to 136.3 MB.
Total: 4.021800 ms (FindLiveObjects: 0.276000 ms CreateObjectMapping: 0.179000 ms MarkObjects: 2.215000 ms  DeleteObjects: 1.351200 ms)

AssetImportParameters requested are different than current active one (requested -> active):
  custom:video-decoder-ogg-theora: a1e56fd34408186e4bbccfd4996cb3dc -> 
  custom:container-muxer-webm: aa71ff27fc2769a1b78a27578f13a17b -> 
  custom:container-demuxer-webm: 4f35f7cbe854078d1ac9338744f61a02 -> 
  custom:video-encoder-webm-vp8: eb34c28f22e8b96e1ab97ce403110664 -> 
  custom:audio-encoder-webm-vorbis: bf7c407c2cedff20999df2af8eb42d56 -> 
  custom:framework-win-MediaFoundation: 216162199b28c13a410421893ffa2e32 -> 
  custom:container-demuxer-ogg: 62fdf1f143b41e24485cea50d1cbac27 -> 
  custom:video-decoder-webm-vp8: 9c59270c3fd7afecdb556c50c9e8de78 -> 
  custom:audio-decoder-ogg-vorbis: bf7c407c2cedff20999df2af8eb42d56 -> 
========================================================================
Received Import Request.
  Time since last request: 820.737453 seconds.
  path: Assets/New Terrain.asset
  artifactKey: Guid(f1bbcbf8202cccb419e5c8e97657c044) Importer(815301076,1909f56bfc062723c751e8b465ee728b)
Start importing Assets/New Terrain.asset using Guid(f1bbcbf8202cccb419e5c8e97657c044) Importer(815301076,1909f56bfc062723c751e8b465ee728b)  -> (artifact id: 'f11bd4bd0996bb3bbe1d2068f6962c5a') in 0.082944 seconds 
========================================================================
Received Import Request.
  Time since last request: 246.377637 seconds.
  path: Assets/New Terrain.asset
  artifactKey: Guid(f1bbcbf8202cccb419e5c8e97657c044) Importer(815301076,1909f56bfc062723c751e8b465ee728b)
Start importing Assets/New Terrain.asset using Guid(f1bbcbf8202cccb419e5c8e97657c044) Importer(815301076,1909f56bfc062723c751e8b465ee728b)  -> (artifact id: '5b3e48a46e68b605a5d2e3c989fa12e7') in 0.075626 seconds 
