Using pre-set license
Built from '2021.3/staging' branch; Version is '2021.3.21f1 (1b156197d683) revision 1774945'; Using compiler version '192829333'; Build Type 'Release'
OS: 'Windows 11  (10.0.22000) 64bit Professional' Language: 'es' Physical Memory: 8040 MB
BatchMode: 1, IsHumanControllingUs: 0, StartBugReporterOnCrash: 0, Is64bit: 1, IsPro: 1

COMMAND LINE ARGUMENTS:
C:\Program Files\Unity\Hub\Editor\2021.3.21f1\Editor\Unity.exe
-adb2
-batchMode
-noUpm
-name
AssetImportWorker3
-projectPath
C:/Users/Alumno/Desktop/BackUp, Test/Piety-in-full-moon/Practica
-logFile
Logs/AssetImportWorker3.log
-srvPort
56953
Successfully changed project path to: C:/Users/Alumno/Desktop/BackUp, Test/Piety-in-full-moon/Practica
C:/Users/Alumno/Desktop/BackUp, Test/Piety-in-full-moon/Practica
[UnityMemory] Configuration Parameters - Can be set up in boot.config
    "memorysetup-bucket-allocator-granularity=16"
    "memorysetup-bucket-allocator-bucket-count=8"
    "memorysetup-bucket-allocator-block-size=33554432"
    "memorysetup-bucket-allocator-block-count=8"
    "memorysetup-main-allocator-block-size=16777216"
    "memorysetup-thread-allocator-block-size=16777216"
    "memorysetup-gfx-main-allocator-block-size=16777216"
    "memorysetup-gfx-thread-allocator-block-size=16777216"
    "memorysetup-cache-allocator-block-size=4194304"
    "memorysetup-typetree-allocator-block-size=2097152"
    "memorysetup-profiler-bucket-allocator-granularity=16"
    "memorysetup-profiler-bucket-allocator-bucket-count=8"
    "memorysetup-profiler-bucket-allocator-block-size=33554432"
    "memorysetup-profiler-bucket-allocator-block-count=8"
    "memorysetup-profiler-allocator-block-size=16777216"
    "memorysetup-profiler-editor-allocator-block-size=1048576"
    "memorysetup-temp-allocator-size-main=16777216"
    "memorysetup-job-temp-allocator-block-size=2097152"
    "memorysetup-job-temp-allocator-block-size-background=1048576"
    "memorysetup-job-temp-allocator-reduction-small-platforms=262144"
    "memorysetup-temp-allocator-size-background-worker=32768"
    "memorysetup-temp-allocator-size-job-worker=262144"
    "memorysetup-temp-allocator-size-preload-manager=33554432"
    "memorysetup-temp-allocator-size-nav-mesh-worker=65536"
    "memorysetup-temp-allocator-size-audio-worker=65536"
    "memorysetup-temp-allocator-size-cloud-worker=32768"
    "memorysetup-temp-allocator-size-gi-baking-worker=262144"
    "memorysetup-temp-allocator-size-gfx=262144"
Player connection [5832] Host "[IP] 192.168.4.229 [Port] 0 [Flags] 2 [Guid] 2043856260 [EditorId] 2043856260 [Version] 1048832 [Id] WindowsEditor(7,equipo_11) [Debug] 1 [PackageName] WindowsEditor [ProjectName] Editor" joined multi-casting on [225.0.0.222:54997]...

Player connection [5832] Host "[IP] 192.168.4.229 [Port] 0 [Flags] 2 [Guid] 2043856260 [EditorId] 2043856260 [Version] 1048832 [Id] WindowsEditor(7,equipo_11) [Debug] 1 [PackageName] WindowsEditor [ProjectName] Editor" joined alternative multi-casting on [225.0.0.222:34997]...

Refreshing native plugins compatible for Editor in 88.02 ms, found 3 plugins.
Preloading 0 native plugins for Editor in 0.00 ms.
Initialize engine version: 2021.3.21f1 (1b156197d683)
[Subsystems] Discovering subsystems at path C:/Program Files/Unity/Hub/Editor/2021.3.21f1/Editor/Data/Resources/UnitySubsystems
[Subsystems] Discovering subsystems at path C:/Users/Alumno/Desktop/BackUp, Test/Piety-in-full-moon/Practica/Assets
GfxDevice: creating device client; threaded=0; jobified=0
Direct3D:
    Version:  Direct3D 11.0 [level 11.1]
    Renderer: NVIDIA GeForce GT 1030 (ID=0x1d01)
    Vendor:   NVIDIA
    VRAM:     4025 MB
    Driver:   30.0.15.1259
Initialize mono
Mono path[0] = 'C:/Program Files/Unity/Hub/Editor/2021.3.21f1/Editor/Data/Managed'
Mono path[1] = 'C:/Program Files/Unity/Hub/Editor/2021.3.21f1/Editor/Data/MonoBleedingEdge/lib/mono/unityjit-win32'
Mono config path = 'C:/Program Files/Unity/Hub/Editor/2021.3.21f1/Editor/Data/MonoBleedingEdge/etc'
Using monoOptions --debugger-agent=transport=dt_socket,embedding=1,server=y,suspend=n,address=127.0.0.1:56484
Begin MonoManager ReloadAssembly
Registering precompiled unity dll's ...
Register platform support module: C:/Program Files/Unity/Hub/Editor/2021.3.21f1/Editor/Data/PlaybackEngines/WindowsStandaloneSupport/UnityEditor.WindowsStandalone.Extensions.dll
Registered in 0.003529 seconds.
Native extension for WindowsStandalone target not found
Refreshing native plugins compatible for Editor in 95.40 ms, found 3 plugins.
Preloading 0 native plugins for Editor in 0.00 ms.
Mono: successfully reloaded assembly
- Completed reload, in  0.617 seconds
Domain Reload Profiling:
	ReloadAssembly (617ms)
		BeginReloadAssembly (79ms)
			ExecutionOrderSort (0ms)
			DisableScriptedObjects (0ms)
			BackupInstance (0ms)
			ReleaseScriptingObjects (0ms)
			CreateAndSetChildDomain (1ms)
		EndReloadAssembly (445ms)
			LoadAssemblies (77ms)
			RebuildTransferFunctionScriptingTraits (0ms)
			SetupTypeCache (103ms)
			ReleaseScriptCaches (0ms)
			RebuildScriptCaches (27ms)
			SetupLoadedEditorAssemblies (269ms)
				LogAssemblyErrors (0ms)
				InitializePlatformSupportModulesInManaged (7ms)
				SetLoadedEditorAssemblies (0ms)
				RefreshPlugins (95ms)
				BeforeProcessingInitializeOnLoad (1ms)
				ProcessInitializeOnLoadAttributes (114ms)
				ProcessInitializeOnLoadMethodAttributes (51ms)
				AfterProcessingInitializeOnLoad (0ms)
				EditorAssembliesLoaded (0ms)
			ExecutionOrderSort2 (0ms)
			AwakeInstancesAfterBackupRestoration (0ms)
Platform modules already initialized, skipping
Registering precompiled user dll's ...
Registered in 0.004149 seconds.
Begin MonoManager ReloadAssembly
Symbol file LoadedFromMemory doesn't match image C:\Users\Alumno\Desktop\BackUp, Test\Piety-in-full-moon\Practica\Library\PackageCache\com.unity.visualscripting@1.8.0\Editor\VisualScripting.Core\Dependencies\YamlDotNet\Unity.VisualScripting.YamlDotNet.dll
Symbol file LoadedFromMemory doesn't match image C:\Users\Alumno\Desktop\BackUp, Test\Piety-in-full-moon\Practica\Library\PackageCache\com.unity.visualscripting@1.8.0\Editor\VisualScripting.Core\Dependencies\DotNetZip\Unity.VisualScripting.IonicZip.dll
Native extension for WindowsStandalone target not found
Refreshing native plugins compatible for Editor in 94.12 ms, found 3 plugins.
Preloading 0 native plugins for Editor in 0.00 ms.
Mono: successfully reloaded assembly
- Completed reload, in  1.229 seconds
Domain Reload Profiling:
	ReloadAssembly (1230ms)
		BeginReloadAssembly (118ms)
			ExecutionOrderSort (0ms)
			DisableScriptedObjects (6ms)
			BackupInstance (0ms)
			ReleaseScriptingObjects (0ms)
			CreateAndSetChildDomain (19ms)
		EndReloadAssembly (1004ms)
			LoadAssemblies (93ms)
			RebuildTransferFunctionScriptingTraits (0ms)
			SetupTypeCache (325ms)
			ReleaseScriptCaches (1ms)
			RebuildScriptCaches (57ms)
			SetupLoadedEditorAssemblies (493ms)
				LogAssemblyErrors (0ms)
				InitializePlatformSupportModulesInManaged (4ms)
				SetLoadedEditorAssemblies (0ms)
				RefreshPlugins (94ms)
				BeforeProcessingInitializeOnLoad (92ms)
				ProcessInitializeOnLoadAttributes (276ms)
				ProcessInitializeOnLoadMethodAttributes (20ms)
				AfterProcessingInitializeOnLoad (7ms)
				EditorAssembliesLoaded (0ms)
			ExecutionOrderSort2 (0ms)
			AwakeInstancesAfterBackupRestoration (6ms)
Platform modules already initialized, skipping
========================================================================
Worker process is ready to serve import requests
Launched and connected shader compiler UnityShaderCompiler.exe after 0.03 seconds
Refreshing native plugins compatible for Editor in 1.10 ms, found 3 plugins.
Preloading 0 native plugins for Editor in 0.00 ms.
Unloading 3614 Unused Serialized files (Serialized files now loaded: 0)
Unloading 47 unused Assets / (1.6 MB). Loaded Objects now: 4096.
Memory consumption went from 150.1 MB to 148.5 MB.
Total: 5.617600 ms (FindLiveObjects: 0.691300 ms CreateObjectMapping: 0.515900 ms MarkObjects: 3.807700 ms  DeleteObjects: 0.600300 ms)

AssetImportParameters requested are different than current active one (requested -> active):
  custom:video-decoder-ogg-theora: a1e56fd34408186e4bbccfd4996cb3dc -> 
  custom:container-muxer-webm: aa71ff27fc2769a1b78a27578f13a17b -> 
  custom:container-demuxer-webm: 4f35f7cbe854078d1ac9338744f61a02 -> 
  custom:video-encoder-webm-vp8: eb34c28f22e8b96e1ab97ce403110664 -> 
  custom:audio-encoder-webm-vorbis: bf7c407c2cedff20999df2af8eb42d56 -> 
  custom:framework-win-MediaFoundation: 216162199b28c13a410421893ffa2e32 -> 
  custom:container-demuxer-ogg: 62fdf1f143b41e24485cea50d1cbac27 -> 
  custom:video-decoder-webm-vp8: 9c59270c3fd7afecdb556c50c9e8de78 -> 
  custom:audio-decoder-ogg-vorbis: bf7c407c2cedff20999df2af8eb42d56 -> 
========================================================================
Received Import Request.
  Time since last request: 567.802329 seconds.
  path: Assets/WhatsApp Image 2023-06-08 at 4.51.00 PM.jpeg
  artifactKey: Guid(43c889680a2666340974b7e6d8a63285) Importer(815301076,1909f56bfc062723c751e8b465ee728b)
Start importing Assets/WhatsApp Image 2023-06-08 at 4.51.00 PM.jpeg using Guid(43c889680a2666340974b7e6d8a63285) Importer(815301076,1909f56bfc062723c751e8b465ee728b)  -> (artifact id: '8d0ddd56e5028082cef3e0c0bad89641') in 0.107459 seconds 
========================================================================
Received Import Request.
  Time since last request: 0.000194 seconds.
  path: Assets/New Terrain 1.asset
  artifactKey: Guid(1ed5e437bb206424cb1ee5b92d6dc39e) Importer(815301076,1909f56bfc062723c751e8b465ee728b)
Start importing Assets/New Terrain 1.asset using Guid(1ed5e437bb206424cb1ee5b92d6dc39e) Importer(815301076,1909f56bfc062723c751e8b465ee728b)  -> (artifact id: '118185fbed4d6718e24732957361150d') in 0.021624 seconds 
========================================================================
Received Import Request.
  Time since last request: 0.000034 seconds.
  path: Assets/New Terrain.asset
  artifactKey: Guid(f1bbcbf8202cccb419e5c8e97657c044) Importer(815301076,1909f56bfc062723c751e8b465ee728b)
Start importing Assets/New Terrain.asset using Guid(f1bbcbf8202cccb419e5c8e97657c044) Importer(815301076,1909f56bfc062723c751e8b465ee728b)  -> (artifact id: '48a4fc94781a5c7353944324288ce8a4') in 0.014944 seconds 
========================================================================
Received Import Request.
  Time since last request: 0.000038 seconds.
  path: Assets/Plano.mat
  artifactKey: Guid(1750db471fdb684448bb8ca347ec6420) Importer(815301076,1909f56bfc062723c751e8b465ee728b)
Start importing Assets/Plano.mat using Guid(1750db471fdb684448bb8ca347ec6420) Importer(815301076,1909f56bfc062723c751e8b465ee728b)  -> (artifact id: 'f1e088a9fc6ac0b27fde8bde80511085') in 0.116612 seconds 
========================================================================
Received Import Request.
  Time since last request: 972.306756 seconds.
  path: Assets/Texturas/BricksSmallOld0156_2_350.jpg
  artifactKey: Guid(443fc10535d01334bba79fd575f5b79f) Importer(815301076,1909f56bfc062723c751e8b465ee728b)
Start importing Assets/Texturas/BricksSmallOld0156_2_350.jpg using Guid(443fc10535d01334bba79fd575f5b79f) Importer(815301076,1909f56bfc062723c751e8b465ee728b)  -> (artifact id: '60d1ec0521b3dc32e3091dc292800e3e') in 0.055626 seconds 
========================================================================
Received Import Request.
  Time since last request: 0.000030 seconds.
  path: Assets/Texturas/Remy_Bottom_Normal.png
  artifactKey: Guid(820ccb0a5ff288a4baf0e8c76fec0ae7) Importer(815301076,1909f56bfc062723c751e8b465ee728b)
Start importing Assets/Texturas/Remy_Bottom_Normal.png using Guid(820ccb0a5ff288a4baf0e8c76fec0ae7) Importer(815301076,1909f56bfc062723c751e8b465ee728b)  -> (artifact id: '79878b9b0f73e52d2856f44b2ac4e186') in 0.012637 seconds 
========================================================================
Received Import Request.
  Time since last request: 0.000027 seconds.
  path: Assets/Texturas/Remy_Body_Diffuse.png
  artifactKey: Guid(c412ee4a290d65d4586b1410411dc98a) Importer(815301076,1909f56bfc062723c751e8b465ee728b)
Start importing Assets/Texturas/Remy_Body_Diffuse.png using Guid(c412ee4a290d65d4586b1410411dc98a) Importer(815301076,1909f56bfc062723c751e8b465ee728b)  -> (artifact id: 'f34698b561668934e2faba5ad6e66049') in 0.012556 seconds 
========================================================================
Received Import Request.
  Time since last request: 0.000034 seconds.
  path: Assets/Texturas/Remy_Top_Diffuse.png
  artifactKey: Guid(5cb5a5fd6d8847c4c94f3adfc4321e5a) Importer(815301076,1909f56bfc062723c751e8b465ee728b)
Start importing Assets/Texturas/Remy_Top_Diffuse.png using Guid(5cb5a5fd6d8847c4c94f3adfc4321e5a) Importer(815301076,1909f56bfc062723c751e8b465ee728b)  -> (artifact id: '5e8cbff9139a75e96e700e6ee6972541') in 0.006747 seconds 
========================================================================
Received Import Request.
  Time since last request: 0.000019 seconds.
  path: Assets/Texturas/Remy_Shoes_Normal.png
  artifactKey: Guid(f0b00da846d117346bd8cd16fb88833f) Importer(815301076,1909f56bfc062723c751e8b465ee728b)
Start importing Assets/Texturas/Remy_Shoes_Normal.png using Guid(f0b00da846d117346bd8cd16fb88833f) Importer(815301076,1909f56bfc062723c751e8b465ee728b)  -> (artifact id: '5a93aaa0aeb7a1363fcf8ab4f99fbc22') in 0.008353 seconds 
========================================================================
Received Import Request.
  Time since last request: 0.000025 seconds.
  path: Assets/Texturas/grass_texture_hd_31.jpg
  artifactKey: Guid(1b22d5cb694642540978a9fb42f43554) Importer(815301076,1909f56bfc062723c751e8b465ee728b)
Start importing Assets/Texturas/grass_texture_hd_31.jpg using Guid(1b22d5cb694642540978a9fb42f43554) Importer(815301076,1909f56bfc062723c751e8b465ee728b)  -> (artifact id: 'c916f8cb8a2011fc6af2ea804695b5f5') in 0.008264 seconds 
========================================================================
Received Import Request.
  Time since last request: 0.000020 seconds.
  path: Assets/Texturas/Remy_Shoes_Gloss.png
  artifactKey: Guid(fe0b64d1d1f720f4c860965030e89afc) Importer(815301076,1909f56bfc062723c751e8b465ee728b)
Start importing Assets/Texturas/Remy_Shoes_Gloss.png using Guid(fe0b64d1d1f720f4c860965030e89afc) Importer(815301076,1909f56bfc062723c751e8b465ee728b)  -> (artifact id: 'c1cb9731f511a80faa625be05887347e') in 0.006247 seconds 
========================================================================
Received Import Request.
  Time since last request: 0.000019 seconds.
  path: Assets/Texturas/Remy_Top_Gloss.png
  artifactKey: Guid(83d21711864af2a478aac9f8a454d3cc) Importer(815301076,1909f56bfc062723c751e8b465ee728b)
Start importing Assets/Texturas/Remy_Top_Gloss.png using Guid(83d21711864af2a478aac9f8a454d3cc) Importer(815301076,1909f56bfc062723c751e8b465ee728b)  -> (artifact id: '6ae151146562db920039027970cb2eac') in 0.006825 seconds 
========================================================================
Received Import Request.
  Time since last request: 0.000023 seconds.
  path: Assets/Texturas/Remy_Top_Normal.png
  artifactKey: Guid(1f8a48fb55b9a224cb37c81795896c95) Importer(815301076,1909f56bfc062723c751e8b465ee728b)
Start importing Assets/Texturas/Remy_Top_Normal.png using Guid(1f8a48fb55b9a224cb37c81795896c95) Importer(815301076,1909f56bfc062723c751e8b465ee728b)  -> (artifact id: '3d707087c8353fc42a4e3701fb58cca5') in 0.007254 seconds 
========================================================================
Received Import Request.
  Time since last request: 0.000015 seconds.
  path: Assets/Texturas/Remy_Hair_Diffuse.png
  artifactKey: Guid(816cfc58bc5a7f84fb6ace07125fd622) Importer(815301076,1909f56bfc062723c751e8b465ee728b)
Start importing Assets/Texturas/Remy_Hair_Diffuse.png using Guid(816cfc58bc5a7f84fb6ace07125fd622) Importer(815301076,1909f56bfc062723c751e8b465ee728b)  -> (artifact id: 'ecf4ddd023f142ea113445a8d6ea86b3') in 0.010310 seconds 
========================================================================
Received Import Request.
  Time since last request: 0.000019 seconds.
  path: Assets/Texturas/Remy_Body_Opacity.png
  artifactKey: Guid(19cc53ffbc6ce0a4e976b5315b7a10bf) Importer(815301076,1909f56bfc062723c751e8b465ee728b)
Start importing Assets/Texturas/Remy_Body_Opacity.png using Guid(19cc53ffbc6ce0a4e976b5315b7a10bf) Importer(815301076,1909f56bfc062723c751e8b465ee728b)  -> (artifact id: '9107e669cc5e95febaff0309f4f36fb4') in 0.008168 seconds 
========================================================================
Received Import Request.
  Time since last request: 0.000020 seconds.
  path: Assets/Texturas/Remy_Body_Normal.png
  artifactKey: Guid(8456021699621b546b9aac2959074cc2) Importer(815301076,1909f56bfc062723c751e8b465ee728b)
Start importing Assets/Texturas/Remy_Body_Normal.png using Guid(8456021699621b546b9aac2959074cc2) Importer(815301076,1909f56bfc062723c751e8b465ee728b)  -> (artifact id: '862ae2eda554684272ad7bed604fa448') in 0.017142 seconds 
========================================================================
Received Import Request.
  Time since last request: 0.000019 seconds.
  path: Assets/Texturas/Remy_Hair_Opacity.png
  artifactKey: Guid(b0fd46f3c35cb764dad90738d01ee1fd) Importer(815301076,1909f56bfc062723c751e8b465ee728b)
Start importing Assets/Texturas/Remy_Hair_Opacity.png using Guid(b0fd46f3c35cb764dad90738d01ee1fd) Importer(815301076,1909f56bfc062723c751e8b465ee728b)  -> (artifact id: '48a77ce48edc503a9d97d32ee3b0e3ff') in 0.008138 seconds 
========================================================================
Received Import Request.
  Time since last request: 0.000025 seconds.
  path: Assets/Texturas/parasiteZombie_normal.png
  artifactKey: Guid(126f3a7e5dc28424e9b7fa599cda7ffc) Importer(815301076,1909f56bfc062723c751e8b465ee728b)
Start importing Assets/Texturas/parasiteZombie_normal.png using Guid(126f3a7e5dc28424e9b7fa599cda7ffc) Importer(815301076,1909f56bfc062723c751e8b465ee728b)  -> (artifact id: 'cdc90fedfecfecc6d8d0faae72d8b140') in 0.010116 seconds 
========================================================================
Received Import Request.
  Time since last request: 7.136811 seconds.
  path: Assets/Personajes/Remy.fbx
  artifactKey: Guid(8b9c1ad4ea995154998da918a4866f3d) Importer(815301076,1909f56bfc062723c751e8b465ee728b)
Start importing Assets/Personajes/Remy.fbx using Guid(8b9c1ad4ea995154998da918a4866f3d) Importer(815301076,1909f56bfc062723c751e8b465ee728b)  -> (artifact id: '02535f799c5be95680630f2aa4c9a4b0') in 0.126050 seconds 
